This file contains any messages produced by compilers while
running configure, to aid debugging if configure makes a mistake.

It was created by GRUB configure 0.97, which was
generated by GNU Autoconf 2.64.  Invocation command line was

  $ ./configure 

## --------- ##
## Platform. ##
## --------- ##

hostname = kanghtta-desktop
uname -m = i686
uname -r = 2.6.31-18-generic
uname -s = Linux
uname -v = #55-Ubuntu SMP Fri Jan 8 14:55:26 UTC 2010

/usr/bin/uname -p = unknown
/bin/uname -X     = unknown

/bin/arch              = unknown
/usr/bin/arch -k       = unknown
/usr/convex/getsysinfo = unknown
/usr/bin/hostinfo      = unknown
/bin/machine           = unknown
/usr/bin/oslevel       = unknown
/bin/universe          = unknown

PATH: /usr/local/cuda/bin
PATH: /usr/local/sbin
PATH: /usr/local/bin
PATH: /usr/sbin
PATH: /usr/bin
PATH: /sbin
PATH: /bin
PATH: /usr/games
PATH: /opt/real/RealPlayer
PATH: /usr/local/cuda/bin


## ----------- ##
## Core tests. ##
## ----------- ##

configure:2263: checking for a BSD-compatible install
configure:2331: result: /usr/bin/install -c
configure:2342: checking whether build environment is sane
configure:2379: result: yes
configure:2441: checking for gawk
configure:2471: result: no
configure:2441: checking for mawk
configure:2457: found /usr/bin/mawk
configure:2468: result: mawk
configure:2479: checking whether make sets $(MAKE)
configure:2501: result: yes
configure:2684: checking build system type
configure:2698: result: i686-pc-linux-gnu
configure:2718: checking host system type
configure:2731: result: i686-pc-linux-gnu
configure:2765: checking whether to enable maintainer-specific portions of Makefiles
configure:2774: result: no
configure:2891: checking for gcc
configure:2907: found /usr/bin/gcc
configure:2918: result: gcc
configure:2988: checking for gcc
configure:3015: result: gcc
configure:3244: checking for C compiler version
configure:3253: gcc --version >&5
gcc (Ubuntu 4.4.1-4ubuntu9) 4.4.1
Copyright (C) 2009 Free Software Foundation, Inc.
This is free software; see the source for copying conditions.  There is NO
warranty; not even for MERCHANTABILITY or FITNESS FOR A PARTICULAR PURPOSE.

configure:3264: $? = 0
configure:3253: gcc -v >&5
Using built-in specs.
Target: i486-linux-gnu
Configured with: ../src/configure -v --with-pkgversion='Ubuntu 4.4.1-4ubuntu9' --with-bugurl=file:///usr/share/doc/gcc-4.4/README.Bugs --enable-languages=c,c++,fortran,objc,obj-c++ --prefix=/usr --enable-shared --enable-multiarch --enable-linker-build-id --with-system-zlib --libexecdir=/usr/lib --without-included-gettext --enable-threads=posix --with-gxx-include-dir=/usr/include/c++/4.4 --program-suffix=-4.4 --enable-nls --enable-clocale=gnu --enable-libstdcxx-debug --enable-objc-gc --enable-targets=all --disable-werror --with-arch-32=i486 --with-tune=generic --enable-checking=release --build=i486-linux-gnu --host=i486-linux-gnu --target=i486-linux-gnu
Thread model: posix
gcc version 4.4.1 (Ubuntu 4.4.1-4ubuntu9) 
configure:3264: $? = 0
configure:3253: gcc -V >&5
gcc: '-V' option must have argument
configure:3264: $? = 1
configure:3253: gcc -qversion >&5
gcc: unrecognized option '-qversion'
gcc: no input files
configure:3264: $? = 1
configure:3286: checking for C compiler default output file name
configure:3308: gcc    conftest.c  >&5
configure:3312: $? = 0
configure:3349: result: a.out
configure:3365: checking whether the C compiler works
configure:3374: ./a.out
configure:3378: $? = 0
configure:3393: result: yes
configure:3400: checking whether we are cross compiling
configure:3402: result: no
configure:3405: checking for suffix of executables
configure:3412: gcc -o conftest    conftest.c  >&5
configure:3416: $? = 0
configure:3438: result: 
configure:3444: checking for suffix of object files
configure:3466: gcc -c   conftest.c >&5
configure:3470: $? = 0
configure:3491: result: o
configure:3495: checking whether we are using the GNU C compiler
configure:3514: gcc -c   conftest.c >&5
configure:3514: $? = 0
configure:3523: result: yes
configure:3532: checking whether gcc accepts -g
configure:3552: gcc -c -g  conftest.c >&5
configure:3552: $? = 0
configure:3593: result: yes
configure:3610: checking for gcc option to accept ISO C89
configure:3674: gcc  -c -g -O2  conftest.c >&5
configure:3674: $? = 0
configure:3687: result: none needed
configure:3718: checking for style of include used by make
configure:3746: result: GNU
configure:3774: checking dependency style of gcc
configure:3864: result: gcc3
configure:3892: checking dependency style of gcc
configure:3982: result: gcc3
configure:4097: checking for ranlib
configure:4113: found /usr/bin/ranlib
configure:4124: result: ranlib
configure:4160: checking whether optimization for size works
configure:4179: gcc -c -Os -g  conftest.c >&5
configure:4179: $? = 0
configure:4188: result: yes
configure:4197: checking whether gcc has -fno-stack-protector
configure:4216: gcc -c -fno-stack-protector  conftest.c >&5
configure:4216: $? = 0
configure:4225: result: yes
configure:4241: checking whether -Wundef works
configure:4260: gcc -c   -g -Wundef conftest.c >&5
configure:4260: $? = 0
configure:4269: result: yes
configure:4274: checking whether -falign-loops works
configure:4293: gcc -c   -g -falign-loops=1 conftest.c >&5
configure:4293: $? = 0
configure:4302: result: yes
configure:4402: checking for objcopy
configure:4418: found /usr/bin/objcopy
configure:4429: result: objcopy
configure:4455: checking if C symbols get an underscore after compilation
configure:4470: gcc   -g -S conftest.c
configure:4473: $? = 0
configure:4498: result: no
configure:4501: checking whether objcopy works for absolute addresses
configure:4514: gcc -c   -g  -Wall -Wmissing-prototypes -Wunused -Wshadow -Wpointer-arith -falign-jumps=1 -falign-loops=1 -falign-functions=1 -Wundef conftest.c >&5
conftest.c:2: warning: no previous prototype for 'cmain'
configure:4517: $? = 0
configure:4525: gcc   -g -nostdlib -Wl,-N -Wl,-Ttext -Wl,2000 conftest.o -o conftest.exec
/usr/bin/ld: warning: cannot find entry symbol _start; defaulting to 0000000000002000
configure:4528: $? = 0
configure:4534: objcopy --only-section=.text -O binary conftest.exec conftest
configure:4537: $? = 0
configure:4525: gcc   -g -nostdlib -Wl,-N -Wl,-Ttext -Wl,8000 conftest.o -o conftest.exec
/usr/bin/ld: warning: cannot find entry symbol _start; defaulting to 0000000000008000
configure:4528: $? = 0
configure:4534: objcopy --only-section=.text -O binary conftest.exec conftest
configure:4537: $? = 0
configure:4543: cmp -s conftest.old conftest
configure:4546: $? = 0
configure:4525: gcc   -g -nostdlib -Wl,-N -Wl,-Ttext -Wl,7C00 conftest.o -o conftest.exec
/usr/bin/ld: warning: cannot find entry symbol _start; defaulting to 0000000000007c00
configure:4528: $? = 0
configure:4534: objcopy --only-section=.text -O binary conftest.exec conftest
configure:4537: $? = 0
configure:4543: cmp -s conftest.old conftest
configure:4546: $? = 0
configure:4557: result: yes
configure:4564: checking whether addr32 must be in the same line as the instruction
configure:4575: gcc   -g -c conftest.s
configure:4578: $? = 0
configure:4608: result: yes
configure:4613: checking for .code16 addr32 assembler support
configure:4630: gcc   -g -c conftest.s
configure:4633: $? = 0
configure:4644: result: yes
configure:4651: checking whether an absolute indirect call/jump must not be prefixed with an asterisk
configure:4664: gcc   -g -c conftest.s
configure:4667: $? = 0
configure:4684: result: no
configure:4688: checking if start is defined by the compiler
configure:4704: gcc -o conftest   -g  -Wall -Wmissing-prototypes -Wunused -Wshadow -Wpointer-arith -falign-jumps=1 -falign-loops=1 -falign-functions=1 -Wundef  conftest.c  >&5
/tmp/ccuwD4Gv.o: In function `main':
/home/kanghtta/boot/boot/grub-0.97/conftest.c:17: undefined reference to `start'
collect2: ld returned 1 exit status
configure:4704: $? = 1
configure: failed program was:
| /* confdefs.h */
| #define PACKAGE_NAME "GRUB"
| #define PACKAGE_TARNAME "grub"
| #define PACKAGE_VERSION "0.97"
| #define PACKAGE_STRING "GRUB 0.97"
| #define PACKAGE_BUGREPORT "bug-grub@gnu.org"
| #define PACKAGE_URL ""
| #define PACKAGE "grub"
| #define VERSION "0.97"
| #define ADDR32 addr32
| #define DATA32 data32
| /* end confdefs.h.  */
| 
| int
| main ()
| {
| asm ("incl start")
|   ;
|   return 0;
| }
configure:4720: result: no
configure:4724: checking if _start is defined by the compiler
configure:4740: gcc -o conftest   -g  -Wall -Wmissing-prototypes -Wunused -Wshadow -Wpointer-arith -falign-jumps=1 -falign-loops=1 -falign-functions=1 -Wundef  conftest.c  >&5
configure:4740: $? = 0
configure:4756: result: yes
configure:4765: checking if __bss_start is defined by the compiler
configure:4781: gcc -o conftest   -g  -Wall -Wmissing-prototypes -Wunused -Wshadow -Wpointer-arith -falign-jumps=1 -falign-loops=1 -falign-functions=1 -Wundef  conftest.c  >&5
configure:4781: $? = 0
configure:4797: result: yes
configure:4801: checking if _edata is defined by the compiler
configure:4817: gcc -o conftest   -g  -Wall -Wmissing-prototypes -Wunused -Wshadow -Wpointer-arith -falign-jumps=1 -falign-loops=1 -falign-functions=1 -Wundef  conftest.c  >&5
configure:4817: $? = 0
configure:4833: result: yes
configure:4837: checking if edata is defined by the compiler
configure:4853: gcc -o conftest   -g  -Wall -Wmissing-prototypes -Wunused -Wshadow -Wpointer-arith -falign-jumps=1 -falign-loops=1 -falign-functions=1 -Wundef  conftest.c  >&5
configure:4853: $? = 0
configure:4869: result: yes
configure:4879: checking if end is defined by the compiler
configure:4895: gcc -o conftest   -g  -Wall -Wmissing-prototypes -Wunused -Wshadow -Wpointer-arith -falign-jumps=1 -falign-loops=1 -falign-functions=1 -Wundef  conftest.c  >&5
configure:4895: $? = 0
configure:4911: result: yes
configure:4915: checking if _end is defined by the compiler
configure:4931: gcc -o conftest   -g  -Wall -Wmissing-prototypes -Wunused -Wshadow -Wpointer-arith -falign-jumps=1 -falign-loops=1 -falign-functions=1 -Wundef  conftest.c  >&5
configure:4931: $? = 0
configure:4947: result: yes
configure:4965: checking for opendisk in -lutil
configure:4990: gcc -o conftest   -g  -Wall -Wmissing-prototypes -Wunused -Wshadow -Wpointer-arith -falign-jumps=1 -falign-loops=1 -falign-functions=1 -Wundef  conftest.c -lutil   >&5
/tmp/ccAtLz0j.o: In function `main':
/home/kanghtta/boot/boot/grub-0.97/conftest.c:30: undefined reference to `opendisk'
collect2: ld returned 1 exit status
configure:4990: $? = 1
configure: failed program was:
| /* confdefs.h */
| #define PACKAGE_NAME "GRUB"
| #define PACKAGE_TARNAME "grub"
| #define PACKAGE_VERSION "0.97"
| #define PACKAGE_STRING "GRUB 0.97"
| #define PACKAGE_BUGREPORT "bug-grub@gnu.org"
| #define PACKAGE_URL ""
| #define PACKAGE "grub"
| #define VERSION "0.97"
| #define ADDR32 addr32
| #define DATA32 data32
| #define HAVE_USCORE_START_SYMBOL 1
| #define HAVE_USCORE_USCORE_BSS_START_SYMBOL 1
| #define HAVE_USCORE_EDATA_SYMBOL 1
| #define HAVE_EDATA_SYMBOL 1
| #define HAVE_END_SYMBOL 1
| #define HAVE_USCORE_END_SYMBOL 1
| /* end confdefs.h.  */
| 
| /* Override any GCC internal prototype to avoid an error.
|    Use char because int might match the return type of a GCC
|    builtin and then its argument prototype would still apply.  */
| #ifdef __cplusplus
| extern "C"
| #endif
| char opendisk ();
| int
| main ()
| {
| return opendisk ();
|   ;
|   return 0;
| }
configure:4999: result: no
configure:5011: checking for wgetch in -lncurses
configure:5036: gcc -o conftest   -g  -Wall -Wmissing-prototypes -Wunused -Wshadow -Wpointer-arith -falign-jumps=1 -falign-loops=1 -falign-functions=1 -Wundef  conftest.c -lncurses   >&5
configure:5036: $? = 0
configure:5045: result: yes
configure:5108: checking how to run the C preprocessor
configure:5139: gcc -E  -Wall -Wmissing-prototypes -Wunused -Wshadow -Wpointer-arith -falign-jumps=1 -falign-loops=1 -falign-functions=1 -Wundef conftest.c
configure:5139: $? = 0
configure:5153: gcc -E  -Wall -Wmissing-prototypes -Wunused -Wshadow -Wpointer-arith -falign-jumps=1 -falign-loops=1 -falign-functions=1 -Wundef conftest.c
conftest.c:20:28: error: ac_nonexistent.h: No such file or directory
configure:5153: $? = 1
configure: failed program was:
| /* confdefs.h */
| #define PACKAGE_NAME "GRUB"
| #define PACKAGE_TARNAME "grub"
| #define PACKAGE_VERSION "0.97"
| #define PACKAGE_STRING "GRUB 0.97"
| #define PACKAGE_BUGREPORT "bug-grub@gnu.org"
| #define PACKAGE_URL ""
| #define PACKAGE "grub"
| #define VERSION "0.97"
| #define ADDR32 addr32
| #define DATA32 data32
| #define HAVE_USCORE_START_SYMBOL 1
| #define HAVE_USCORE_USCORE_BSS_START_SYMBOL 1
| #define HAVE_USCORE_EDATA_SYMBOL 1
| #define HAVE_EDATA_SYMBOL 1
| #define HAVE_END_SYMBOL 1
| #define HAVE_USCORE_END_SYMBOL 1
| #define HAVE_LIBCURSES 1
| /* end confdefs.h.  */
| #include <ac_nonexistent.h>
configure:5178: result: gcc -E
configure:5198: gcc -E  -Wall -Wmissing-prototypes -Wunused -Wshadow -Wpointer-arith -falign-jumps=1 -falign-loops=1 -falign-functions=1 -Wundef conftest.c
configure:5198: $? = 0
configure:5212: gcc -E  -Wall -Wmissing-prototypes -Wunused -Wshadow -Wpointer-arith -falign-jumps=1 -falign-loops=1 -falign-functions=1 -Wundef conftest.c
conftest.c:20:28: error: ac_nonexistent.h: No such file or directory
configure:5212: $? = 1
configure: failed program was:
| /* confdefs.h */
| #define PACKAGE_NAME "GRUB"
| #define PACKAGE_TARNAME "grub"
| #define PACKAGE_VERSION "0.97"
| #define PACKAGE_STRING "GRUB 0.97"
| #define PACKAGE_BUGREPORT "bug-grub@gnu.org"
| #define PACKAGE_URL ""
| #define PACKAGE "grub"
| #define VERSION "0.97"
| #define ADDR32 addr32
| #define DATA32 data32
| #define HAVE_USCORE_START_SYMBOL 1
| #define HAVE_USCORE_USCORE_BSS_START_SYMBOL 1
| #define HAVE_USCORE_EDATA_SYMBOL 1
| #define HAVE_EDATA_SYMBOL 1
| #define HAVE_END_SYMBOL 1
| #define HAVE_USCORE_END_SYMBOL 1
| #define HAVE_LIBCURSES 1
| /* end confdefs.h.  */
| #include <ac_nonexistent.h>
configure:5241: checking for grep that handles long lines and -e
configure:5299: result: /bin/grep
configure:5304: checking for egrep
configure:5366: result: /bin/grep -E
configure:5371: checking for ANSI C header files
configure:5391: gcc -c   -g  -Wall -Wmissing-prototypes -Wunused -Wshadow -Wpointer-arith -falign-jumps=1 -falign-loops=1 -falign-functions=1 -Wundef conftest.c >&5
configure:5391: $? = 0
configure:5464: gcc -o conftest   -g  -Wall -Wmissing-prototypes -Wunused -Wshadow -Wpointer-arith -falign-jumps=1 -falign-loops=1 -falign-functions=1 -Wundef  conftest.c  >&5
configure:5464: $? = 0
configure:5464: ./conftest
configure:5464: $? = 0
configure:5475: result: yes
configure:5488: checking for sys/types.h
configure:5488: gcc -c   -g  -Wall -Wmissing-prototypes -Wunused -Wshadow -Wpointer-arith -falign-jumps=1 -falign-loops=1 -falign-functions=1 -Wundef conftest.c >&5
configure:5488: $? = 0
configure:5488: result: yes
configure:5488: checking for sys/stat.h
configure:5488: gcc -c   -g  -Wall -Wmissing-prototypes -Wunused -Wshadow -Wpointer-arith -falign-jumps=1 -falign-loops=1 -falign-functions=1 -Wundef conftest.c >&5
configure:5488: $? = 0
configure:5488: result: yes
configure:5488: checking for stdlib.h
configure:5488: gcc -c   -g  -Wall -Wmissing-prototypes -Wunused -Wshadow -Wpointer-arith -falign-jumps=1 -falign-loops=1 -falign-functions=1 -Wundef conftest.c >&5
configure:5488: $? = 0
configure:5488: result: yes
configure:5488: checking for string.h
configure:5488: gcc -c   -g  -Wall -Wmissing-prototypes -Wunused -Wshadow -Wpointer-arith -falign-jumps=1 -falign-loops=1 -falign-functions=1 -Wundef conftest.c >&5
configure:5488: $? = 0
configure:5488: result: yes
configure:5488: checking for memory.h
configure:5488: gcc -c   -g  -Wall -Wmissing-prototypes -Wunused -Wshadow -Wpointer-arith -falign-jumps=1 -falign-loops=1 -falign-functions=1 -Wundef conftest.c >&5
configure:5488: $? = 0
configure:5488: result: yes
configure:5488: checking for strings.h
configure:5488: gcc -c   -g  -Wall -Wmissing-prototypes -Wunused -Wshadow -Wpointer-arith -falign-jumps=1 -falign-loops=1 -falign-functions=1 -Wundef conftest.c >&5
configure:5488: $? = 0
configure:5488: result: yes
configure:5488: checking for inttypes.h
configure:5488: gcc -c   -g  -Wall -Wmissing-prototypes -Wunused -Wshadow -Wpointer-arith -falign-jumps=1 -falign-loops=1 -falign-functions=1 -Wundef conftest.c >&5
configure:5488: $? = 0
configure:5488: result: yes
configure:5488: checking for stdint.h
configure:5488: gcc -c   -g  -Wall -Wmissing-prototypes -Wunused -Wshadow -Wpointer-arith -falign-jumps=1 -falign-loops=1 -falign-functions=1 -Wundef conftest.c >&5
configure:5488: $? = 0
configure:5488: result: yes
configure:5488: checking for unistd.h
configure:5488: gcc -c   -g  -Wall -Wmissing-prototypes -Wunused -Wshadow -Wpointer-arith -falign-jumps=1 -falign-loops=1 -falign-functions=1 -Wundef conftest.c >&5
configure:5488: $? = 0
configure:5488: result: yes
configure:5504: checking for string.h
configure:5504: result: yes
configure:5504: checking for strings.h
configure:5504: result: yes
configure:5504: checking ncurses/curses.h usability
configure:5504: gcc -c   -g  -Wall -Wmissing-prototypes -Wunused -Wshadow -Wpointer-arith -falign-jumps=1 -falign-loops=1 -falign-functions=1 -Wundef conftest.c >&5
conftest.c:65:28: error: ncurses/curses.h: No such file or directory
configure:5504: $? = 1
configure: failed program was:
| /* confdefs.h */
| #define PACKAGE_NAME "GRUB"
| #define PACKAGE_TARNAME "grub"
| #define PACKAGE_VERSION "0.97"
| #define PACKAGE_STRING "GRUB 0.97"
| #define PACKAGE_BUGREPORT "bug-grub@gnu.org"
| #define PACKAGE_URL ""
| #define PACKAGE "grub"
| #define VERSION "0.97"
| #define ADDR32 addr32
| #define DATA32 data32
| #define HAVE_USCORE_START_SYMBOL 1
| #define HAVE_USCORE_USCORE_BSS_START_SYMBOL 1
| #define HAVE_USCORE_EDATA_SYMBOL 1
| #define HAVE_EDATA_SYMBOL 1
| #define HAVE_END_SYMBOL 1
| #define HAVE_USCORE_END_SYMBOL 1
| #define HAVE_LIBCURSES 1
| #define STDC_HEADERS 1
| #define HAVE_SYS_TYPES_H 1
| #define HAVE_SYS_STAT_H 1
| #define HAVE_STDLIB_H 1
| #define HAVE_STRING_H 1
| #define HAVE_MEMORY_H 1
| #define HAVE_STRINGS_H 1
| #define HAVE_INTTYPES_H 1
| #define HAVE_STDINT_H 1
| #define HAVE_UNISTD_H 1
| #define HAVE_STRING_H 1
| #define HAVE_STRINGS_H 1
| /* end confdefs.h.  */
| #include <stdio.h>
| #ifdef HAVE_SYS_TYPES_H
| # include <sys/types.h>
| #endif
| #ifdef HAVE_SYS_STAT_H
| # include <sys/stat.h>
| #endif
| #ifdef STDC_HEADERS
| # include <stdlib.h>
| # include <stddef.h>
| #else
| # ifdef HAVE_STDLIB_H
| #  include <stdlib.h>
| # endif
| #endif
| #ifdef HAVE_STRING_H
| # if !defined STDC_HEADERS && defined HAVE_MEMORY_H
| #  include <memory.h>
| # endif
| # include <string.h>
| #endif
| #ifdef HAVE_STRINGS_H
| # include <strings.h>
| #endif
| #ifdef HAVE_INTTYPES_H
| # include <inttypes.h>
| #endif
| #ifdef HAVE_STDINT_H
| # include <stdint.h>
| #endif
| #ifdef HAVE_UNISTD_H
| # include <unistd.h>
| #endif
| #include <ncurses/curses.h>
configure:5504: result: no
configure:5504: checking ncurses/curses.h presence
configure:5504: gcc -E  -Wall -Wmissing-prototypes -Wunused -Wshadow -Wpointer-arith -falign-jumps=1 -falign-loops=1 -falign-functions=1 -Wundef conftest.c
conftest.c:32:28: error: ncurses/curses.h: No such file or directory
configure:5504: $? = 1
configure: failed program was:
| /* confdefs.h */
| #define PACKAGE_NAME "GRUB"
| #define PACKAGE_TARNAME "grub"
| #define PACKAGE_VERSION "0.97"
| #define PACKAGE_STRING "GRUB 0.97"
| #define PACKAGE_BUGREPORT "bug-grub@gnu.org"
| #define PACKAGE_URL ""
| #define PACKAGE "grub"
| #define VERSION "0.97"
| #define ADDR32 addr32
| #define DATA32 data32
| #define HAVE_USCORE_START_SYMBOL 1
| #define HAVE_USCORE_USCORE_BSS_START_SYMBOL 1
| #define HAVE_USCORE_EDATA_SYMBOL 1
| #define HAVE_EDATA_SYMBOL 1
| #define HAVE_END_SYMBOL 1
| #define HAVE_USCORE_END_SYMBOL 1
| #define HAVE_LIBCURSES 1
| #define STDC_HEADERS 1
| #define HAVE_SYS_TYPES_H 1
| #define HAVE_SYS_STAT_H 1
| #define HAVE_STDLIB_H 1
| #define HAVE_STRING_H 1
| #define HAVE_MEMORY_H 1
| #define HAVE_STRINGS_H 1
| #define HAVE_INTTYPES_H 1
| #define HAVE_STDINT_H 1
| #define HAVE_UNISTD_H 1
| #define HAVE_STRING_H 1
| #define HAVE_STRINGS_H 1
| /* end confdefs.h.  */
| #include <ncurses/curses.h>
configure:5504: result: no
configure:5504: checking for ncurses/curses.h
configure:5504: result: no
configure:5504: checking ncurses.h usability
configure:5504: gcc -c   -g  -Wall -Wmissing-prototypes -Wunused -Wshadow -Wpointer-arith -falign-jumps=1 -falign-loops=1 -falign-functions=1 -Wundef conftest.c >&5
configure:5504: $? = 0
configure:5504: result: yes
configure:5504: checking ncurses.h presence
configure:5504: gcc -E  -Wall -Wmissing-prototypes -Wunused -Wshadow -Wpointer-arith -falign-jumps=1 -falign-loops=1 -falign-functions=1 -Wundef conftest.c
configure:5504: $? = 0
configure:5504: result: yes
configure:5504: checking for ncurses.h
configure:5504: result: yes
configure:5504: checking curses.h usability
configure:5504: gcc -c   -g  -Wall -Wmissing-prototypes -Wunused -Wshadow -Wpointer-arith -falign-jumps=1 -falign-loops=1 -falign-functions=1 -Wundef conftest.c >&5
configure:5504: $? = 0
configure:5504: result: yes
configure:5504: checking curses.h presence
configure:5504: gcc -E  -Wall -Wmissing-prototypes -Wunused -Wshadow -Wpointer-arith -falign-jumps=1 -falign-loops=1 -falign-functions=1 -Wundef conftest.c
configure:5504: $? = 0
configure:5504: result: yes
configure:5504: checking for curses.h
configure:5504: result: yes
configure:6397: creating ./config.status

## ---------------------- ##
## Running config.status. ##
## ---------------------- ##

This file was extended by GRUB config.status 0.97, which was
generated by GNU Autoconf 2.64.  Invocation command line was

  CONFIG_FILES    = 
  CONFIG_HEADERS  = 
  CONFIG_LINKS    = 
  CONFIG_COMMANDS = 
  $ ./config.status 

on kanghtta-desktop

config.status:909: creating Makefile
config.status:909: creating stage1/Makefile
config.status:909: creating stage2/Makefile
config.status:909: creating docs/Makefile
config.status:909: creating lib/Makefile
config.status:909: creating util/Makefile
config.status:909: creating grub/Makefile
config.status:909: creating netboot/Makefile
config.status:909: creating util/grub-image
config.status:909: creating util/grub-install
config.status:909: creating util/grub-md5-crypt
config.status:909: creating util/grub-terminfo
config.status:909: creating util/grub-set-default
config.status:909: creating libvolume_id/Makefile
config.status:909: creating config.h
config.status:1075: config.h is unchanged
config.status:1122: executing depfiles commands

## ---------------- ##
## Cache variables. ##
## ---------------- ##

ac_cv_build=i686-pc-linux-gnu
ac_cv_c_compiler_gnu=yes
ac_cv_env_CCASFLAGS_set=
ac_cv_env_CCASFLAGS_value=
ac_cv_env_CCAS_set=
ac_cv_env_CCAS_value=
ac_cv_env_CC_set=
ac_cv_env_CC_value=
ac_cv_env_CFLAGS_set=
ac_cv_env_CFLAGS_value=
ac_cv_env_CPPFLAGS_set=
ac_cv_env_CPPFLAGS_value=
ac_cv_env_CPP_set=
ac_cv_env_CPP_value=
ac_cv_env_LDFLAGS_set=
ac_cv_env_LDFLAGS_value=
ac_cv_env_LIBS_set=
ac_cv_env_LIBS_value=
ac_cv_env_build_alias_set=
ac_cv_env_build_alias_value=
ac_cv_env_host_alias_set=
ac_cv_env_host_alias_value=
ac_cv_env_target_alias_set=
ac_cv_env_target_alias_value=
ac_cv_header_curses_h=yes
ac_cv_header_inttypes_h=yes
ac_cv_header_memory_h=yes
ac_cv_header_ncurses_curses_h=no
ac_cv_header_ncurses_h=yes
ac_cv_header_stdc=yes
ac_cv_header_stdint_h=yes
ac_cv_header_stdlib_h=yes
ac_cv_header_string_h=yes
ac_cv_header_strings_h=yes
ac_cv_header_sys_stat_h=yes
ac_cv_header_sys_types_h=yes
ac_cv_header_unistd_h=yes
ac_cv_host=i686-pc-linux-gnu
ac_cv_lib_ncurses_wgetch=yes
ac_cv_lib_util_opendisk=no
ac_cv_objext=o
ac_cv_path_EGREP='/bin/grep -E'
ac_cv_path_GREP=/bin/grep
ac_cv_path_install='/usr/bin/install -c'
ac_cv_prog_AWK=mawk
ac_cv_prog_CPP='gcc -E'
ac_cv_prog_ac_ct_CC=gcc
ac_cv_prog_ac_ct_OBJCOPY=objcopy
ac_cv_prog_ac_ct_RANLIB=ranlib
ac_cv_prog_cc_c89=
ac_cv_prog_cc_g=yes
ac_cv_prog_make_make_set=yes
am_cv_CC_dependencies_compiler_type=gcc3
grub_cv_asm_absolute_without_asterisk=no
grub_cv_asm_addr32=yes
grub_cv_asm_prefix_requirement=yes
grub_cv_asm_uscore=no
grub_cv_check_edata_symbol=yes
grub_cv_check_end_symbol=yes
grub_cv_check_start_symbol=no
grub_cv_check_uscore_edata_symbol=yes
grub_cv_check_uscore_end_symbol=yes
grub_cv_check_uscore_start_symbol=yes
grub_cv_check_uscore_uscore_bss_start_symbol=yes
grub_cv_prog_objcopy_absolute=yes

## ----------------- ##
## Output variables. ##
## ----------------- ##

ACLOCAL='${SHELL} /home/kanghtta/boot/boot/grub-0.97/missing --run aclocal-1.9'
AMDEPBACKSLASH='\'
AMDEP_FALSE='#'
AMDEP_TRUE=''
AMTAR='${SHELL} /home/kanghtta/boot/boot/grub-0.97/missing --run tar'
AUTOCONF='${SHELL} /home/kanghtta/boot/boot/grub-0.97/missing --run autoconf'
AUTOHEADER='${SHELL} /home/kanghtta/boot/boot/grub-0.97/missing --run autoheader'
AUTOMAKE='${SHELL} /home/kanghtta/boot/boot/grub-0.97/missing --run automake-1.9'
AWK='mawk'
BUILD_EXAMPLE_KERNEL_FALSE=''
BUILD_EXAMPLE_KERNEL_TRUE='#'
CC='gcc'
CCAS='gcc'
CCASFLAGS='$(DEFS) $(DEFAULT_INCLUDES) $(INCLUDES) $(CPPFLAGS) $(CFLAGS)'
CCDEPMODE='depmode=gcc3'
CFLAGS='  -g'
CPP='gcc -E'
CPPFLAGS=' -Wall -Wmissing-prototypes -Wunused -Wshadow -Wpointer-arith -falign-jumps=1 -falign-loops=1 -falign-functions=1 -Wundef'
CYGPATH_W='echo'
DEFS='-DHAVE_CONFIG_H'
DEPDIR='.deps'
DISKLESS_SUPPORT_FALSE=''
DISKLESS_SUPPORT_TRUE='#'
ECHO_C=''
ECHO_N='-n'
ECHO_T=''
EGREP='/bin/grep -E'
EXEEXT=''
FSYS_CFLAGS=' -DFSYS_EXT2FS=1 -DFSYS_FAT=1 -DFSYS_FFS=1 -DFSYS_UFS2=1 -DFSYS_MINIX=1 -DFSYS_REISERFS=1 -DFSYS_VSTAFS=1 -DFSYS_JFS=1 -DFSYS_XFS=1 -DFSYS_ISO9660=1 -DUSE_MD5_PASSWORDS=1'
GRAPHICS_SUPPORT_FALSE='#'
GRAPHICS_SUPPORT_TRUE=''
GREP='/bin/grep'
GRUB_CFLAGS='-O2 -fno-strict-aliasing'
GRUB_LIBS=' -lncurses'
HERCULES_SUPPORT_FALSE='#'
HERCULES_SUPPORT_TRUE=''
INSTALL_DATA='${INSTALL} -m 644'
INSTALL_PROGRAM='${INSTALL}'
INSTALL_SCRIPT='${INSTALL}'
INSTALL_STRIP_PROGRAM='${SHELL} $(install_sh) -c -s'
LDFLAGS=''
LIBOBJS=''
LIBS=''
LTLIBOBJS=''
MAINT='#'
MAINTAINER_MODE_FALSE=''
MAINTAINER_MODE_TRUE='#'
MAKEINFO='${SHELL} /home/kanghtta/boot/boot/grub-0.97/missing --run makeinfo'
NETBOOT_DRIVERS=''
NETBOOT_SUPPORT_FALSE=''
NETBOOT_SUPPORT_TRUE='#'
NET_CFLAGS=''
NET_EXTRAFLAGS=' -DCONGESTED=1 -DNE_SCAN=0x280,0x300,0x320,0x340 -DWD_DEFAULT_MEM=0xCC000'
OBJCOPY='objcopy'
OBJEXT='o'
PACKAGE='grub'
PACKAGE_BUGREPORT='bug-grub@gnu.org'
PACKAGE_NAME='GRUB'
PACKAGE_STRING='GRUB 0.97'
PACKAGE_TARNAME='grub'
PACKAGE_URL=''
PACKAGE_VERSION='0.97'
PATH_SEPARATOR=':'
PERL=''
RANLIB='ranlib'
SERIAL_SPEED_SIMULATION_FALSE=''
SERIAL_SPEED_SIMULATION_TRUE='#'
SERIAL_SUPPORT_FALSE='#'
SERIAL_SUPPORT_TRUE=''
SET_MAKE=''
SHELL='/bin/bash'
STAGE1_CFLAGS='-O2 -fno-strict-aliasing'
STAGE2_CFLAGS='-Os -fno-strict-aliasing -fno-stack-protector'
STRIP=''
UUID_SUPPORT_FALSE='#'
UUID_SUPPORT_TRUE=''
VERSION='0.97'
ac_ct_CC='gcc'
am__fastdepCC_FALSE='#'
am__fastdepCC_TRUE=''
am__include='include'
am__leading_dot='.'
am__quote=''
am__tar='${AMTAR} chof - "$$tardir"'
am__untar='${AMTAR} xf -'
bindir='${exec_prefix}/bin'
build='i686-pc-linux-gnu'
build_alias=''
build_cpu='i686'
build_os='linux-gnu'
build_vendor='pc'
datadir='${datarootdir}'
datarootdir='${prefix}/share'
docdir='${datarootdir}/doc/${PACKAGE_TARNAME}'
dvidir='${docdir}'
exec_prefix='${prefix}'
host='i686-pc-linux-gnu'
host_alias=''
host_cpu='i386'
host_os='linux-gnu'
host_vendor='pc'
htmldir='${docdir}'
includedir='${prefix}/include'
infodir='${datarootdir}/info'
install_sh='/home/kanghtta/boot/boot/grub-0.97/install-sh'
libdir='${exec_prefix}/lib'
libexecdir='${exec_prefix}/libexec'
localedir='${datarootdir}/locale'
localstatedir='${prefix}/var'
mandir='${datarootdir}/man'
mkdir_p='mkdir -p --'
oldincludedir='/usr/include'
pdfdir='${docdir}'
prefix='/usr/local'
program_transform_name='s,x,x,'
psdir='${docdir}'
sbindir='${exec_prefix}/sbin'
sharedstatedir='${prefix}/com'
sysconfdir='${prefix}/etc'
target_alias=''

## ----------- ##
## confdefs.h. ##
## ----------- ##

/* confdefs.h */
#define PACKAGE_NAME "GRUB"
#define PACKAGE_TARNAME "grub"
#define PACKAGE_VERSION "0.97"
#define PACKAGE_STRING "GRUB 0.97"
#define PACKAGE_BUGREPORT "bug-grub@gnu.org"
#define PACKAGE_URL ""
#define PACKAGE "grub"
#define VERSION "0.97"
#define ADDR32 addr32
#define DATA32 data32
#define HAVE_USCORE_START_SYMBOL 1
#define HAVE_USCORE_USCORE_BSS_START_SYMBOL 1
#define HAVE_USCORE_EDATA_SYMBOL 1
#define HAVE_EDATA_SYMBOL 1
#define HAVE_END_SYMBOL 1
#define HAVE_USCORE_END_SYMBOL 1
#define HAVE_LIBCURSES 1
#define STDC_HEADERS 1
#define HAVE_SYS_TYPES_H 1
#define HAVE_SYS_STAT_H 1
#define HAVE_STDLIB_H 1
#define HAVE_STRING_H 1
#define HAVE_MEMORY_H 1
#define HAVE_STRINGS_H 1
#define HAVE_INTTYPES_H 1
#define HAVE_STDINT_H 1
#define HAVE_UNISTD_H 1
#define HAVE_STRING_H 1
#define HAVE_STRINGS_H 1
#define HAVE_NCURSES_H 1
#define HAVE_CURSES_H 1
#define AUTO_LINUX_MEM_OPT 1

configure: exit 0
